Starting submissions ! (Tot. Jobs  = 3)
0
Submitting array from: 0 to: 2
Submitted batch job 10193111
Starting submissions ! (Tot. Jobs  = 3)
0
Submitting array from: 0 to: 2
Submitted batch job 10193114
Starting submissions ! (Tot. Jobs  = 3)
0
Submitting array from: 0 to: 2
Submitted batch job 10193119
Starting submissions ! (Tot. Jobs  = 3)
0
Submitting array from: 0 to: 2
Submitted batch job 10193122
Starting submissions ! (Tot. Jobs  = 3)
3
Submitting array from: 0 to: 2
Submitted batch job 10193125
Starting submissions ! (Tot. Jobs  = 3)
4
Submitting array from: 0 to: 2
Submitted batch job 10193128
Starting submissions ! (Tot. Jobs  = 7117)
4
Submitting array from: 0 to: 899
Submitted batch job 10193131
904
904
902
889
886
879
868
863
855
848
847
844
835
833
828
822
821
812
809
803
799
794
Submitting array from: 900 to: 1799
Submitted batch job 10193255
1694
1686
1683
1679
1673
1667
1666
1661
1655
1650
1648
1645
1640
1635
1632
1624
1618
1616
1613
1606
1602
1598
1593
1592
1588
1584
1582
1575
1573
1570
1567
1565
1560
1556
1555
1552
1550
1547
1540
1539
1536
1533
1529
1525
1520
1518
1516
1515
1511
1504
1502
1500
1497
1494
1491
1484
1482
1476
1473
1471
1465
1462
1459
1455
1454
1448
1447
1442
1441
1437
1432
1428
1426
1425
1419
1417
1413
1410
1406
1402
1398
1398
1395
1391
1389
1384
1382
1380
1373
1369
1367
1364
1363
1358
1353
1348
1347
1347
1343
1339
1335
1332
1331
1330
1322
1319
1316
1314
1312
1305
1301
1298
1296
1291
1286
1285
1284
1279
1273
1268
1266
1261
1256
1255
1252
1249
1244
1239
1236
1231
1229
1225
1220
1215
1214
1211
1204
1198
1193
1191
1187
1178
1174
1171
1165
1161
1158
1153
1149
1143
1137
1134
1131
1127
1123
1119
1113
1108
1107
1104
1098
1092
1085
1083
1081
1075
1065
1059
1057
1055
1050
1040
1036
1034
1032
1024
1020
1013
1010
1009
1001
995
990
988
983
974
968
968
964
958
950
947
943
936
929
926
921
914
911
905
897
894
888
883
878
875
868
864
858
854
849
844
839
837
830
824
820
817
814
807
800
797
793
Submitting array from: 1800 to: 2699
Submitted batch job 10194191
1693
1690
1682
1680
1673
1666
1660
1656
1651
1647
1639
1636
1632
1629
1621
1617
1611
1608
1601
1593
1591
1585
1581
1571
1568
1563
1561
1559
1557
1553
1551
1546
1542
1541
1537
1534
1534
1527
1523
1518
1514
1512
1511
1507
1501
1500
1494
1492
1489
1486
1483
1477
1475
1474
1470
1466
1461
1460
1455
1454
1449
1446
1446
1439
1433
1429
1426
1426
1422
1422
1418
1409
1405
1404
1404
1396
1392
1390
1386
1383
1381
1376
1372
1370
1366
1364
1359
1356
1352
1350
1349
1345
1343
1339
1333
1329
1325
1324
1321
1318
1313
1309
1307
1306
1302
1294
1290
1288
1287
1284
1280
1276
1273
1265
1264
1261
1257
1255
1251
1250
1243
1240
1236
1234
1231
1230
1226
1223
1219
1217
1214
1211
1207
1205
1200
1198
1194
1190
1187
1186
1183
1179
1177
1171
1168
1166
1164
1158
1152
1148
1147
1142
1140
1132
1125
1123
1121
1119
1117
1111
1106
1103
1099
1097
1095
1092
1088
1081
1078
1078
1075
1070
1065
1059
1057
1056
1051
1048
1044
1043
1040
1036
1035
1030
1027
1025
1022
1019
1013
1010
1007
1005
1003
1001
995
990
986
984
984
983
980
971
967
965
962
959
956
953
948
945
941
940
935
930
926
925
921
919
914
910
906
896
896
895
892
883
877
874
869
866
866
865
859
856
847
844
844
841
839
837
829
825
820
820
817
813
808
805
802
796
795
793
Submitting array from: 2700 to: 3599
Submitted batch job 10195093
1693
1689
1684
1680
1678
1672
1668
1666
1662
1657
1650
1645
1644
1637
1633
1629
1627
1624
1618
1616
1612
1608
1603
1600
1596
1594
1590
1584
1579
1575
1572
1567
1566
1560
1557
1556
1549
1545
1541
1537
1534
1533
1529
1518
1517
1512
1510
1502
1498
1495
1493
1486
1482
1480
1478
1474
1470
1464
1460
1459
1456
1451
1447
1443
1440
1434
1430
1427
1424
1419
1411
1410
1406
1403
1399
1394
1389
1387
1385
1380
1375
1374
1368
1366
1365
1361
1354
1350
1345
1343
1341
1338
1334
1327
1324
1320
1318
1316
1312
1309
1304
1298
1296
1293
1290
1284
1281
1278
1274
1271
1266
1262
1259
1253
1252
1248
1245
1241
1238
1230
1230
1229
1224
1220
1213
1209
1209
1209
1200
1193
1191
1188
1186
1183
1176
1172
1172
1168
1160
1157
1152
1151
1147
1147
1143
1135
1130
1129
1126
1122
1118
1115
1110
1106
1099
1097
1094
1092
1084
1082
1076
1073
1070
1069
1063
1059
1055
1050
1048
1044
1041
1036
1034
1030
1026
1022
1017
1014
1008
1005
1002
996
993
989
986
983
977
970
967
967
962
960
958
953
950
946
944
940
935
929
927
924
921
920
914
909
905
904
902
898
891
885
884
883
880
874
869
866
864
863
862
857
853
849
845
840
838
834
831
829
826
823
819
818
815
811
803
803
801
799
795
793
Submitting array from: 3600 to: 4499
Submitted batch job 10195994
1693
1688
1683
1681
1676
1672
1667
1664
1661
1657
1654
1651
1648
1647
1640
1637
1636
1630
1625
1619
1617
1616
1614
1611
1604
1597
1595
1593
1590
1586
1580
1575
1573
1571
1565
1561
1555
1552
1551
1548
1547
1539
1534
1531
1530
1527
1524
1517
1512
1511
1508
1507
1505
1500
1495
1493
1489
1485
1479
1476
1469
1464
1463
1462
1452
1447
1442
1439
1436
1433
1424
1418
1416
1409
1404
1395
1390
1389
1385
1381
1375
1373
1364
1362
1359
1356
1350
1344
1339
1335
1334
1331
1326
1318
1310
1307
1303
1299
1292
1286
1280
1274
1269
1266
1260
1255
1249
1245
1240
1236
1235
1226
1221
1215
1210
1209
1205
1200
1197
1193
1184
1181
1177
1172
1171
1163
1154
1148
1145
1144
1141
1132
1126
1121
1117
1115
1109
1103
1096
1093
1090
1084
1079
1074
1067
1064
1059
1053
1050
1042
1037
1034
1029
1023
1016
1011
1008
1002
1000
991
987
982
977
975
969
964
960
955
950
942
938
935
931
923
917
913
909
907
902
893
887
881
877
874
866
861
856
853
851
842
835
833
830
826
819
812
809
804
794
Submitting array from: 4500 to: 5399
Submitted batch job 10196905
1694
1691
1687
1682
1679
1674
1669
1664
1661
1658
1652
1644
1635
1633
1632
1623
1616
1612
1608
1606
1598
1594
1589
1587
1581
1576
1571
1566
1562
1556
1553
1550
1543
1536
1530
1527
1524
1519
1512
1508
1503
1497
1492
1487
1480
1477
1468
1466
1461
1455
1452
1448
1443
1433
1428
1428
1422
1418
1414
1407
1402
1397
1396
1386
1380
1374
1369
1364
1354
1349
1346
1344
1337
1333
1328
1324
1319
1316
1311
1303
1299
1291
1290
1285
1278
1271
1268
1265
1259
1249
1244
1240
1236
1233
1228
1218
1212
1206
1203
1196
1194
1188
1180
1177
1175
1169
1164
1157
1154
1151
1145
1141
1137
1133
1129
1122
1118
1113
1107
1103
1098
1094
1087
1083
1078
1074
1071
1066
1058
1053
1050
1048
1045
1036
1035
1031
1024
1020
1015
1012
1009
1004
997
993
988
985
977
974
967
964
960
953
950
947
942
937
930
926
924
919
914
907
902
901
896
889
882
878
872
868
860
857
854
852
845
842
838
834
830
828
821
819
810
807
803
798
794
Submitting array from: 5400 to: 6299
Submitted batch job 10197808
1694
1693
1684
1678
1675
1670
1666
1661
1658
1652
1646
1640
1635
1632
1623
1618
1615
1610
1606
1602
1597
1593
1587
1583
1575
1572
1569
1566
1560
1556
1549
1546
1542
1539
1533
1529
1524
1520
1517
1509
1504
1499
1496
1489
1481
1476
1473
1466
1462
1456
1451
1446
1441
1436
1430
1426
1420
1413
1409
1406
1401
1396
1389
1384
1380
1376
1373
1368
1366
1357
1355
1352
1345
1343
1342
1331
1326
1324
1317
1314
1310
1306
1300
1298
1292
1286
1282
1278
1272
1269
1264
1258
1256
1250
1245
1239
1236
1234
1227
1223
1218
1213
1208
1205
1195
1190
1187
1184
1179
1175
1166
1160
1155
1149
1147
1143
1136
1130
1124
1119
1114
1110
1109
1104
1097
1091
1086
1084
1080
1073
1071
1063
1057
1054
1050
1045
1042
1036
1029
1026
1020
1017
1011
1004
1000
993
987
979
977
975
967
959
953
949
947
941
933
928
926
923
918
910
904
899
897
892
883
880
872
869
864
861
852
851
844
841
832
827
820
819
814
808
800
794
Submitting array from: 6300 to: 7116
Submitted batch job 10198708
